{
  "uid" : "4a75555b73ce7675",
  "name" : "Invalid Login Scenario with wrong username and password.",
  "fullName" : "com.mas_allure.tests.FaceBookLoginTest.facebookLoginTest",
  "historyId" : "a2890ba80645f1606a2bf7f1ca8e3bc3",
  "time" : {
    "start" : 1636515997180,
    "stop" : 1636516027235,
    "duration" : 30055
  },
  "description" : "Test Description: Login test with wrong username and wrong password.",
  "descriptionHtml" : "<p>Test Description: Login test with wrong username and wrong password.</p>\n",
  "status" : "failed",
  "statusMessage" : "Login failed : Test failed expected [true] but found [false]",
  "statusTrace" : "java.lang.AssertionError: Login failed : Test failed expected [true] but found [false]\r\n\tat org.testng.Assert.fail(Assert.java:96)\r\n\tat org.testng.Assert.failNotEquals(Assert.java:776)\r\n\tat org.testng.Assert.assertTrue(Assert.java:44)\r\n\tat com.mas_allure.tests.FaceBookLoginTest.facebookLoginTest(FaceBookLoginTest.java:38)\r\n\tat sun.reflect.NativeMethodAccessorImpl.invoke0(Native Method)\r\n\tat sun.reflect.NativeMethodAccessorImpl.invoke(NativeMethodAccessorImpl.java:62)\r\n\tat sun.reflect.DelegatingMethodAccessorImpl.invoke(DelegatingMethodAccessorImpl.java:43)\r\n\tat java.lang.reflect.Method.invoke(Method.java:498)\r\n\tat org.testng.internal.MethodInvocationHelper.invokeMethod(MethodInvocationHelper.java:124)\r\n\tat org.testng.internal.Invoker.invokeMethod(Invoker.java:583)\r\n\tat org.testng.internal.Invoker.invokeTestMethod(Invoker.java:719)\r\n\tat org.testng.internal.Invoker.invokeTestMethods(Invoker.java:989)\r\n\tat org.testng.internal.TestMethodWorker.invokeTestMethods(TestMethodWorker.java:125)\r\n\tat org.testng.internal.TestMethodWorker.run(TestMethodWorker.java:109)\r\n\tat java.util.concurrent.ThreadPoolExecutor.runWorker(ThreadPoolExecutor.java:1149)\r\n\tat java.util.concurrent.ThreadPoolExecutor$Worker.run(ThreadPoolExecutor.java:624)\r\n\tat java.lang.Thread.run(Thread.java:748)\r\n",
  "flaky" : false,
  "newFailed" : false,
  "newBroken" : false,
  "newPassed" : false,
  "retriesCount" : 5,
  "retriesStatusChange" : false,
  "beforeStages" : [ {
    "name" : "globalSetup",
    "time" : {
      "start" : 1636515981617,
      "stop" : 1636515982215,
      "duration" : 598
    },
    "description" : "",
    "status" : "passed",
    "steps" : [ ],
    "attachments" : [ ],
    "parameters" : [ ],
    "hasContent" : false,
    "stepsCount" : 0,
    "attachmentsCount" : 0,
    "shouldDisplayMessage" : false
  }, {
    "name" : "setup",
    "time" : {
      "start" : 1636515982411,
      "stop" : 1636515996864,
      "duration" : 14453
    },
    "description" : "",
    "status" : "passed",
    "steps" : [ ],
    "attachments" : [ ],
    "parameters" : [ ],
    "hasContent" : false,
    "stepsCount" : 0,
    "attachmentsCount" : 0,
    "shouldDisplayMessage" : false
  } ],
  "testStage" : {
    "description" : "Test Description: Login test with wrong username and wrong password.",
    "status" : "failed",
    "statusMessage" : "Login failed : Test failed expected [true] but found [false]",
    "statusTrace" : "java.lang.AssertionError: Login failed : Test failed expected [true] but found [false]\r\n\tat org.testng.Assert.fail(Assert.java:96)\r\n\tat org.testng.Assert.failNotEquals(Assert.java:776)\r\n\tat org.testng.Assert.assertTrue(Assert.java:44)\r\n\tat com.mas_allure.tests.FaceBookLoginTest.facebookLoginTest(FaceBookLoginTest.java:38)\r\n\tat sun.reflect.NativeMethodAccessorImpl.invoke0(Native Method)\r\n\tat sun.reflect.NativeMethodAccessorImpl.invoke(NativeMethodAccessorImpl.java:62)\r\n\tat sun.reflect.DelegatingMethodAccessorImpl.invoke(DelegatingMethodAccessorImpl.java:43)\r\n\tat java.lang.reflect.Method.invoke(Method.java:498)\r\n\tat org.testng.internal.MethodInvocationHelper.invokeMethod(MethodInvocationHelper.java:124)\r\n\tat org.testng.internal.Invoker.invokeMethod(Invoker.java:583)\r\n\tat org.testng.internal.Invoker.invokeTestMethod(Invoker.java:719)\r\n\tat org.testng.internal.Invoker.invokeTestMethods(Invoker.java:989)\r\n\tat org.testng.internal.TestMethodWorker.invokeTestMethods(TestMethodWorker.java:125)\r\n\tat org.testng.internal.TestMethodWorker.run(TestMethodWorker.java:109)\r\n\tat java.util.concurrent.ThreadPoolExecutor.runWorker(ThreadPoolExecutor.java:1149)\r\n\tat java.util.concurrent.ThreadPoolExecutor$Worker.run(ThreadPoolExecutor.java:624)\r\n\tat java.lang.Thread.run(Thread.java:748)\r\n",
    "steps" : [ {
      "name" : "Enter Username selvaraj",
      "time" : {
        "start" : 1636516000357,
        "stop" : 1636516000623,
        "duration" : 266
      },
      "status" : "passed",
      "steps" : [ ],
      "attachments" : [ ],
      "parameters" : [ {
        "name" : "email",
        "value" : "selvaraj"
      } ],
      "hasContent" : true,
      "stepsCount" : 0,
      "attachmentsCount" : 0,
      "shouldDisplayMessage" : false
    }, {
      "name" : "Enter Password Password@741",
      "time" : {
        "start" : 1636516000624,
        "stop" : 1636516000927,
        "duration" : 303
      },
      "status" : "passed",
      "steps" : [ ],
      "attachments" : [ ],
      "parameters" : [ {
        "name" : "password",
        "value" : "Password@741"
      } ],
      "hasContent" : true,
      "stepsCount" : 0,
      "attachmentsCount" : 0,
      "shouldDisplayMessage" : false
    }, {
      "name" : "Click SignIn button",
      "time" : {
        "start" : 1636516000928,
        "stop" : 1636516001196,
        "duration" : 268
      },
      "status" : "passed",
      "steps" : [ ],
      "attachments" : [ ],
      "parameters" : [ ],
      "hasContent" : false,
      "stepsCount" : 0,
      "attachmentsCount" : 0,
      "shouldDisplayMessage" : false
    } ],
    "attachments" : [ ],
    "parameters" : [ ],
    "hasContent" : true,
    "stepsCount" : 3,
    "attachmentsCount" : 0,
    "shouldDisplayMessage" : true
  },
  "afterStages" : [ {
    "name" : "wrapUp",
    "time" : {
      "start" : 1636516027963,
      "stop" : 1636516032242,
      "duration" : 4279
    },
    "description" : "",
    "status" : "passed",
    "steps" : [ ],
    "attachments" : [ ],
    "parameters" : [ ],
    "hasContent" : false,
    "stepsCount" : 0,
    "attachmentsCount" : 0,
    "shouldDisplayMessage" : false
  }, {
    "name" : "wrapAllUp",
    "time" : {
      "start" : 1636516056896,
      "stop" : 1636516056897,
      "duration" : 1
    },
    "description" : "",
    "status" : "passed",
    "steps" : [ ],
    "attachments" : [ ],
    "parameters" : [ ],
    "hasContent" : false,
    "stepsCount" : 0,
    "attachmentsCount" : 0,
    "shouldDisplayMessage" : false
  } ],
  "labels" : [ {
    "name" : "package",
    "value" : "com.mas_allure.tests.FaceBookLoginTest"
  }, {
    "name" : "testClass",
    "value" : "com.mas_allure.tests.FaceBookLoginTest"
  }, {
    "name" : "testMethod",
    "value" : "facebookLoginTest"
  }, {
    "name" : "parentSuite",
    "value" : "Suite"
  }, {
    "name" : "suite",
    "value" : "Test"
  }, {
    "name" : "subSuite",
    "value" : "Facebook login test"
  }, {
    "name" : "host",
    "value" : "LAPTOP-O2PFH35H"
  }, {
    "name" : "thread",
    "value" : "24716@LAPTOP-O2PFH35H.TestNG-test=Test-1(14)"
  }, {
    "name" : "framework",
    "value" : "testng"
  }, {
    "name" : "language",
    "value" : "java"
  }, {
    "name" : "story",
    "value" : "Invalid username and password login test"
  }, {
    "name" : "epic",
    "value" : "Regression Tests"
  }, {
    "name" : "feature",
    "value" : "FB Login Tests"
  }, {
    "name" : "severity",
    "value" : "blocker"
  }, {
    "name" : "resultFormat",
    "value" : "allure2"
  } ],
  "parameters" : [ ],
  "links" : [ ],
  "hidden" : false,
  "retry" : false,
  "extra" : {
    "severity" : "blocker",
    "retries" : [ {
      "uid" : "d304baa875a7c900",
      "status" : "failed",
      "statusDetails" : "Login failed : Test failed expected [true] but found [false]",
      "time" : {
        "start" : 1636508264545,
        "stop" : 1636508308110,
        "duration" : 43565
      }
    }, {
      "uid" : "22b7208ae9311005",
      "status" : "failed",
      "statusDetails" : "Login failed : Test failed expected [true] but found [false]",
      "time" : {
        "start" : 1636458816852,
        "stop" : 1636458842917,
        "duration" : 26065
      }
    }, {
      "uid" : "4c84eb8060ca4c7a",
      "status" : "failed",
      "statusDetails" : "Login failed : Test failed expected [true] but found [false]",
      "time" : {
        "start" : 1636458649801,
        "stop" : 1636458676958,
        "duration" : 27157
      }
    }, {
      "uid" : "a6aaf76901f48549",
      "status" : "failed",
      "statusDetails" : "Login failed : Test failed expected [true] but found [false]",
      "time" : {
        "start" : 1636458397777,
        "stop" : 1636458425522,
        "duration" : 27745
      }
    }, {
      "uid" : "6057b29609bf2f4",
      "status" : "failed",
      "statusDetails" : "Login failed : Test failed expected [true] but found [false]",
      "time" : {
        "start" : 1636457972861,
        "stop" : 1636457998093,
        "duration" : 25232
      }
    } ],
    "categories" : [ {
      "name" : "Product defects",
      "matchedStatuses" : [ ],
      "flaky" : false
    } ],
    "tags" : [ ]
  },
  "source" : "4a75555b73ce7675.json",
  "parameterValues" : [ ]
}