{
  "uid" : "d304baa875a7c900",
  "name" : "Invalid Login Scenario with wrong username and password.",
  "fullName" : "com.mas_allure.tests.FaceBookLoginTest.facebookLoginTest",
  "historyId" : "a2890ba80645f1606a2bf7f1ca8e3bc3",
  "time" : {
    "start" : 1636508264545,
    "stop" : 1636508308110,
    "duration" : 43565
  },
  "description" : "Test Description: Login test with wrong username and wrong password.",
  "descriptionHtml" : "<p>Test Description: Login test with wrong username and wrong password.</p>\n",
  "status" : "failed",
  "statusMessage" : "Login failed : Test failed expected [true] but found [false]",
  "statusTrace" : "java.lang.AssertionError: Login failed : Test failed expected [true] but found [false]\r\n\tat org.testng.Assert.fail(Assert.java:96)\r\n\tat org.testng.Assert.failNotEquals(Assert.java:776)\r\n\tat org.testng.Assert.assertTrue(Assert.java:44)\r\n\tat com.mas_allure.tests.FaceBookLoginTest.facebookLoginTest(FaceBookLoginTest.java:33)\r\n\tat sun.reflect.NativeMethodAccessorImpl.invoke0(Native Method)\r\n\tat sun.reflect.NativeMethodAccessorImpl.invoke(NativeMethodAccessorImpl.java:62)\r\n\tat sun.reflect.DelegatingMethodAccessorImpl.invoke(DelegatingMethodAccessorImpl.java:43)\r\n\tat java.lang.reflect.Method.invoke(Method.java:498)\r\n\tat org.testng.internal.MethodInvocationHelper.invokeMethod(MethodInvocationHelper.java:124)\r\n\tat org.testng.internal.Invoker.invokeMethod(Invoker.java:583)\r\n\tat org.testng.internal.Invoker.invokeTestMethod(Invoker.java:719)\r\n\tat org.testng.internal.Invoker.invokeTestMethods(Invoker.java:989)\r\n\tat org.testng.internal.TestMethodWorker.invokeTestMethods(TestMethodWorker.java:125)\r\n\tat org.testng.internal.TestMethodWorker.run(TestMethodWorker.java:109)\r\n\tat java.util.concurrent.ThreadPoolExecutor.runWorker(ThreadPoolExecutor.java:1149)\r\n\tat java.util.concurrent.ThreadPoolExecutor$Worker.run(ThreadPoolExecutor.java:624)\r\n\tat java.lang.Thread.run(Thread.java:748)\r\n",
  "flaky" : false,
  "newFailed" : false,
  "newBroken" : false,
  "newPassed" : false,
  "retriesCount" : 0,
  "retriesStatusChange" : false,
  "beforeStages" : [ {
    "name" : "globalSetup",
    "time" : {
      "start" : 1636508229003,
      "stop" : 1636508229200,
      "duration" : 197
    },
    "description" : "",
    "status" : "passed",
    "steps" : [ ],
    "attachments" : [ ],
    "parameters" : [ ],
    "hasContent" : false,
    "stepsCount" : 0,
    "attachmentsCount" : 0,
    "shouldDisplayMessage" : false
  }, {
    "name" : "setup",
    "time" : {
      "start" : 1636508229537,
      "stop" : 1636508263314,
      "duration" : 33777
    },
    "description" : "",
    "status" : "passed",
    "steps" : [ ],
    "attachments" : [ ],
    "parameters" : [ ],
    "hasContent" : false,
    "stepsCount" : 0,
    "attachmentsCount" : 0,
    "shouldDisplayMessage" : false
  } ],
  "testStage" : {
    "description" : "Test Description: Login test with wrong username and wrong password.",
    "status" : "failed",
    "statusMessage" : "Login failed : Test failed expected [true] but found [false]",
    "statusTrace" : "java.lang.AssertionError: Login failed : Test failed expected [true] but found [false]\r\n\tat org.testng.Assert.fail(Assert.java:96)\r\n\tat org.testng.Assert.failNotEquals(Assert.java:776)\r\n\tat org.testng.Assert.assertTrue(Assert.java:44)\r\n\tat com.mas_allure.tests.FaceBookLoginTest.facebookLoginTest(FaceBookLoginTest.java:33)\r\n\tat sun.reflect.NativeMethodAccessorImpl.invoke0(Native Method)\r\n\tat sun.reflect.NativeMethodAccessorImpl.invoke(NativeMethodAccessorImpl.java:62)\r\n\tat sun.reflect.DelegatingMethodAccessorImpl.invoke(DelegatingMethodAccessorImpl.java:43)\r\n\tat java.lang.reflect.Method.invoke(Method.java:498)\r\n\tat org.testng.internal.MethodInvocationHelper.invokeMethod(MethodInvocationHelper.java:124)\r\n\tat org.testng.internal.Invoker.invokeMethod(Invoker.java:583)\r\n\tat org.testng.internal.Invoker.invokeTestMethod(Invoker.java:719)\r\n\tat org.testng.internal.Invoker.invokeTestMethods(Invoker.java:989)\r\n\tat org.testng.internal.TestMethodWorker.invokeTestMethods(TestMethodWorker.java:125)\r\n\tat org.testng.internal.TestMethodWorker.run(TestMethodWorker.java:109)\r\n\tat java.util.concurrent.ThreadPoolExecutor.runWorker(ThreadPoolExecutor.java:1149)\r\n\tat java.util.concurrent.ThreadPoolExecutor$Worker.run(ThreadPoolExecutor.java:624)\r\n\tat java.lang.Thread.run(Thread.java:748)\r\n",
    "steps" : [ {
      "name" : "Enter Username selvaraj",
      "time" : {
        "start" : 1636508272096,
        "stop" : 1636508274184,
        "duration" : 2088
      },
      "status" : "passed",
      "steps" : [ ],
      "attachments" : [ {
        "uid" : "ff91395d74adff3b",
        "name" : "Any text",
        "source" : "ff91395d74adff3b.png",
        "type" : "image/png",
        "size" : 66409
      } ],
      "parameters" : [ {
        "name" : "email",
        "value" : "selvaraj"
      } ],
      "hasContent" : true,
      "stepsCount" : 0,
      "attachmentsCount" : 1,
      "shouldDisplayMessage" : false
    }, {
      "name" : "Enter Password Password@741",
      "time" : {
        "start" : 1636508274186,
        "stop" : 1636508276714,
        "duration" : 2528
      },
      "status" : "passed",
      "steps" : [ ],
      "attachments" : [ {
        "uid" : "ded75f1039cf8bf0",
        "name" : "Any text",
        "source" : "ded75f1039cf8bf0.png",
        "type" : "image/png",
        "size" : 65280
      } ],
      "parameters" : [ {
        "name" : "password",
        "value" : "Password@741"
      } ],
      "hasContent" : true,
      "stepsCount" : 0,
      "attachmentsCount" : 1,
      "shouldDisplayMessage" : false
    }, {
      "name" : "Click SignIn",
      "time" : {
        "start" : 1636508276715,
        "stop" : 1636508277277,
        "duration" : 562
      },
      "status" : "passed",
      "steps" : [ ],
      "attachments" : [ ],
      "parameters" : [ ],
      "hasContent" : false,
      "stepsCount" : 0,
      "attachmentsCount" : 0,
      "shouldDisplayMessage" : false
    } ],
    "attachments" : [ ],
    "parameters" : [ ],
    "hasContent" : true,
    "stepsCount" : 3,
    "attachmentsCount" : 2,
    "shouldDisplayMessage" : true
  },
  "afterStages" : [ {
    "name" : "wrapUp",
    "time" : {
      "start" : 1636508309094,
      "stop" : 1636508321806,
      "duration" : 12712
    },
    "description" : "",
    "status" : "passed",
    "steps" : [ ],
    "attachments" : [ ],
    "parameters" : [ ],
    "hasContent" : false,
    "stepsCount" : 0,
    "attachmentsCount" : 0,
    "shouldDisplayMessage" : false
  }, {
    "name" : "wrapAllUp",
    "time" : {
      "start" : 1636508370742,
      "stop" : 1636508370744,
      "duration" : 2
    },
    "description" : "",
    "status" : "passed",
    "steps" : [ ],
    "attachments" : [ ],
    "parameters" : [ ],
    "hasContent" : false,
    "stepsCount" : 0,
    "attachmentsCount" : 0,
    "shouldDisplayMessage" : false
  } ],
  "labels" : [ {
    "name" : "package",
    "value" : "com.mas_allure.tests.FaceBookLoginTest"
  }, {
    "name" : "testClass",
    "value" : "com.mas_allure.tests.FaceBookLoginTest"
  }, {
    "name" : "testMethod",
    "value" : "facebookLoginTest"
  }, {
    "name" : "parentSuite",
    "value" : "Suite"
  }, {
    "name" : "suite",
    "value" : "Test"
  }, {
    "name" : "subSuite",
    "value" : "Facebook login test"
  }, {
    "name" : "host",
    "value" : "LAPTOP-O2PFH35H"
  }, {
    "name" : "thread",
    "value" : "23312@LAPTOP-O2PFH35H.TestNG-test=Test-1(14)"
  }, {
    "name" : "framework",
    "value" : "testng"
  }, {
    "name" : "language",
    "value" : "java"
  }, {
    "name" : "story",
    "value" : "Invalid username and password login test"
  }, {
    "name" : "epic",
    "value" : "Regression Tests"
  }, {
    "name" : "feature",
    "value" : "FB Login Tests"
  }, {
    "name" : "severity",
    "value" : "blocker"
  }, {
    "name" : "resultFormat",
    "value" : "allure2"
  } ],
  "parameters" : [ ],
  "links" : [ ],
  "hidden" : true,
  "retry" : true,
  "extra" : {
    "categories" : [ ],
    "tags" : [ ]
  },
  "source" : "d304baa875a7c900.json",
  "parameterValues" : [ ]
}